[2018-03-12T15:46:34.146] [INFO] dhr - test
[2018-03-12T15:46:34.149] [ERROR] dhr - test
[2018-03-12T15:48:26.694] [INFO] dhr - test
[2018-03-12T15:48:26.697] [ERROR] dhr - test
[2018-03-12T15:48:30.160] [INFO] dhr - method:GET originalUrl:/department/list query:{"page":1,"limit":100,"sort":"createdAt"} time: 13

[2018-03-12T15:48:30.162] [INFO] dhr - method:GET originalUrl:/department/list query:{"page":1,"limit":100,"sort":"createdAt"} time: 13
status:200 body:{"errorCode":0,"data":[{"id":2,"name":"111","children":[{"id":4,"name":"宝安部门1","children":[{"id":17,"name":"深圳部门18","children":[]},{"id":6,"name":"宝安部门3","children":[{"id":18,"name":"深圳部门18","children":[]},{"id":8,"name":"宝安部门1","children":[{"id":14,"name":"深圳部门18","children":[]},{"id":13,"name":"深圳部门15","children":[]},{"id":12,"name":"深圳部门14","children":[{"id":16,"name":"深圳部门18","children":[]}]},{"id":11,"name":"深圳部门13","children":[{"id":15,"name":"深圳部门18","children":[]}]},{"id":10,"name":"深圳部门11","children":[]},{"id":9,"name":"深圳部门10","children":[]}]},{"id":7,"name":"宝安部门3","children":[]}]},{"id":5,"name":"宝安部门2","children":[]}]},{"id":3,"name":"222","children":[]}]}]} 
[2018-03-12T15:48:49.974] [INFO] dhr - test
[2018-03-12T15:48:49.976] [ERROR] dhr - test
[2018-03-12T15:50:00.975] [INFO] dhr - test
[2018-03-12T15:50:00.977] [ERROR] dhr - test
[2018-03-12T15:50:03.712] [INFO] dhr - method:GET originalUrl:/department/list query:{"page":1,"limit":100,"sort":"createdAt"} time: 13

[2018-03-12T15:50:03.714] [INFO] dhr - method:GET originalUrl:/department/list query:{"page":1,"limit":100,"sort":"createdAt"} time: 13
status:200 body:{"errorCode":0,"data":[{"id":2,"name":"111","children":[{"id":4,"name":"宝安部门1","children":[{"id":17,"name":"深圳部门18","children":[]},{"id":6,"name":"宝安部门3","children":[{"id":18,"name":"深圳部门18","children":[]},{"id":8,"name":"宝安部门1","children":[{"id":14,"name":"深圳部门18","children":[]},{"id":13,"name":"深圳部门15","children":[]},{"id":12,"name":"深圳部门14","children":[{"id":16,"name":"深圳部门18","children":[]}]},{"id":11,"name":"深圳部门13","children":[{"id":15,"name":"深圳部门18","children":[]}]},{"id":10,"name":"深圳部门11","children":[]},{"id":9,"name":"深圳部门10","children":[]}]},{"id":7,"name":"宝安部门3","children":[]}]},{"id":5,"name":"宝安部门2","children":[]}]},{"id":3,"name":"222","children":[]}]}]} 
[2018-03-12T15:50:50.284] [INFO] dhr - test
[2018-03-12T15:50:50.286] [ERROR] dhr - test
[2018-03-12T15:50:52.496] [INFO] dhr - method:GET originalUrl:/department/list query:{"page":1,"limit":100,"sort":"createdAt"} time: 13ms

[2018-03-12T15:50:52.498] [INFO] dhr - method:GET originalUrl:/department/list query:{"page":1,"limit":100,"sort":"createdAt"} time: 13ms
status:200 body:{"errorCode":0,"data":[{"id":2,"name":"111","children":[{"id":4,"name":"宝安部门1","children":[{"id":17,"name":"深圳部门18","children":[]},{"id":6,"name":"宝安部门3","children":[{"id":18,"name":"深圳部门18","children":[]},{"id":8,"name":"宝安部门1","children":[{"id":14,"name":"深圳部门18","children":[]},{"id":13,"name":"深圳部门15","children":[]},{"id":12,"name":"深圳部门14","children":[{"id":16,"name":"深圳部门18","children":[]}]},{"id":11,"name":"深圳部门13","children":[{"id":15,"name":"深圳部门18","children":[]}]},{"id":10,"name":"深圳部门11","children":[]},{"id":9,"name":"深圳部门10","children":[]}]},{"id":7,"name":"宝安部门3","children":[]}]},{"id":5,"name":"宝安部门2","children":[]}]},{"id":3,"name":"222","children":[]}]}]} 
[2018-03-14T16:54:52.734] [INFO] dhr - test
[2018-03-14T16:54:52.736] [ERROR] dhr - test
[2018-03-14T16:56:36.181] [INFO] dhr - test
[2018-03-14T16:56:36.184] [ERROR] dhr - test
[2018-03-14T16:58:39.038] [INFO] dhr - test
[2018-03-14T16:58:39.040] [ERROR] dhr - test
[2018-03-14T16:59:22.737] [INFO] dhr - test
[2018-03-14T16:59:22.739] [ERROR] dhr - test
[2018-03-14T16:59:27.377] [INFO] dhr - test
[2018-03-14T16:59:27.378] [ERROR] dhr - test
[2018-03-14T16:59:42.405] [INFO] dhr - test
[2018-03-14T16:59:42.407] [ERROR] dhr - test
[2018-03-14T17:16:22.778] [INFO] dhr - test
[2018-03-14T17:16:22.782] [ERROR] dhr - test
[2018-03-14T17:17:02.325] [INFO] dhr - method:GET originalUrl:/department/test query:{} time: 2ms

[2018-03-14T17:17:02.326] [INFO] dhr - method:GET originalUrl:/department/test query:{} time: 2ms
status:200 body:{"errorCode":0} 
[2018-03-14T17:17:30.151] [INFO] dhr - test
[2018-03-14T17:17:30.153] [ERROR] dhr - test
[2018-03-14T17:17:33.796] [INFO] dhr - method:GET originalUrl:/department/test query:{} time: 4ms

[2018-03-14T17:17:33.797] [INFO] dhr - method:GET originalUrl:/department/test query:{} time: 4ms
status:200 body:{"errorCode":0} 
[2018-03-14T17:19:11.285] [INFO] dhr - test
[2018-03-14T17:19:11.288] [ERROR] dhr - test
[2018-03-14T17:19:41.500] [INFO] dhr - method:GET originalUrl:/department/test?a=1&b=[666,%201,%2088] query:{"a":"1","b":"[666, 1, 88]"} time: 1ms

[2018-03-14T17:19:41.501] [ERROR] dhr - method:GET originalUrl:/department/test?a=1&b=[666,%201,%2088] query:{"a":"1","b":"[666, 1, 88]"} time: 1ms
 err name:ReferenceError err message:data is not defined err stack: ReferenceError: data is not defined
    at exports.test (C:\Users\HYH\Desktop\cms\koa-server\controllers\user\department.js:125:31)
    at dispatch (C:\Users\HYH\Desktop\cms\koa-server\node_modules\koa-router\node_modules\koa-compose\index.js:44:32)
    at next (C:\Users\HYH\Desktop\cms\koa-server\node_modules\koa-router\node_modules\koa-compose\index.js:45:18)
    at C:\Users\HYH\Desktop\cms\koa-server\node_modules\koa-router\lib\router.js:345:16
    at dispatch (C:\Users\HYH\Desktop\cms\koa-server\node_modules\koa-router\node_modules\koa-compose\index.js:44:32)
    at C:\Users\HYH\Desktop\cms\koa-server\node_modules\koa-router\node_modules\koa-compose\index.js:36:12
    at dispatch (C:\Users\HYH\Desktop\cms\koa-server\node_modules\koa-router\lib\router.js:350:31)
    at dispatch (C:\Users\HYH\Desktop\cms\koa-server\node_modules\koa-compose\index.js:42:32)
    at next (C:\Users\HYH\Desktop\cms\koa-server\node_modules\koa-compose\index.js:43:18)
    at app.use (C:\Users\HYH\Desktop\cms\koa-server\app.js:34:15)
    at dispatch (C:\Users\HYH\Desktop\cms\koa-server\node_modules\koa-compose\index.js:42:32)
    at next (C:\Users\HYH\Desktop\cms\koa-server\node_modules\koa-compose\index.js:43:18)
    at C:\Users\HYH\Desktop\cms\koa-server\node_modules\koa2-cors\dist\index.js:89:15
    at dispatch (C:\Users\HYH\Desktop\cms\koa-server\node_modules\koa-compose\index.js:42:32)
    at next (C:\Users\HYH\Desktop\cms\koa-server\node_modules\koa-compose\index.js:43:18)
    at bodyParser (C:\Users\HYH\Desktop\cms\koa-server\node_modules\koa-bodyparser\index.js:86:11)
    at <anonymous>
    at process._tickCallback (internal/process/next_tick.js:188:7) 
[2018-03-14T17:19:41.501] [ERROR] dhr - method:GET originalUrl:/department/test?a=1&b=[666,%201,%2088] query:{"a":"1","b":"[666, 1, 88]"} time: 1ms
 err name:ReferenceError err message:data is not defined err stack: ReferenceError: data is not defined
    at exports.test (C:\Users\HYH\Desktop\cms\koa-server\controllers\user\department.js:125:31)
    at dispatch (C:\Users\HYH\Desktop\cms\koa-server\node_modules\koa-router\node_modules\koa-compose\index.js:44:32)
    at next (C:\Users\HYH\Desktop\cms\koa-server\node_modules\koa-router\node_modules\koa-compose\index.js:45:18)
    at C:\Users\HYH\Desktop\cms\koa-server\node_modules\koa-router\lib\router.js:345:16
    at dispatch (C:\Users\HYH\Desktop\cms\koa-server\node_modules\koa-router\node_modules\koa-compose\index.js:44:32)
    at C:\Users\HYH\Desktop\cms\koa-server\node_modules\koa-router\node_modules\koa-compose\index.js:36:12
    at dispatch (C:\Users\HYH\Desktop\cms\koa-server\node_modules\koa-router\lib\router.js:350:31)
    at dispatch (C:\Users\HYH\Desktop\cms\koa-server\node_modules\koa-compose\index.js:42:32)
    at next (C:\Users\HYH\Desktop\cms\koa-server\node_modules\koa-compose\index.js:43:18)
    at app.use (C:\Users\HYH\Desktop\cms\koa-server\app.js:34:15)
    at dispatch (C:\Users\HYH\Desktop\cms\koa-server\node_modules\koa-compose\index.js:42:32)
    at next (C:\Users\HYH\Desktop\cms\koa-server\node_modules\koa-compose\index.js:43:18)
    at C:\Users\HYH\Desktop\cms\koa-server\node_modules\koa2-cors\dist\index.js:89:15
    at dispatch (C:\Users\HYH\Desktop\cms\koa-server\node_modules\koa-compose\index.js:42:32)
    at next (C:\Users\HYH\Desktop\cms\koa-server\node_modules\koa-compose\index.js:43:18)
    at bodyParser (C:\Users\HYH\Desktop\cms\koa-server\node_modules\koa-bodyparser\index.js:86:11)
    at <anonymous>
    at process._tickCallback (internal/process/next_tick.js:188:7) 
[2018-03-14T17:20:00.361] [INFO] dhr - method:GET originalUrl:/department/test?a=1&b=aaa query:{"a":"1","b":"aaa"} time: 0ms

[2018-03-14T17:20:00.362] [ERROR] dhr - method:GET originalUrl:/department/test?a=1&b=aaa query:{"a":"1","b":"aaa"} time: 0ms
 err name:ReferenceError err message:data is not defined err stack: ReferenceError: data is not defined
    at exports.test (C:\Users\HYH\Desktop\cms\koa-server\controllers\user\department.js:125:31)
    at dispatch (C:\Users\HYH\Desktop\cms\koa-server\node_modules\koa-router\node_modules\koa-compose\index.js:44:32)
    at next (C:\Users\HYH\Desktop\cms\koa-server\node_modules\koa-router\node_modules\koa-compose\index.js:45:18)
    at C:\Users\HYH\Desktop\cms\koa-server\node_modules\koa-router\lib\router.js:345:16
    at dispatch (C:\Users\HYH\Desktop\cms\koa-server\node_modules\koa-router\node_modules\koa-compose\index.js:44:32)
    at C:\Users\HYH\Desktop\cms\koa-server\node_modules\koa-router\node_modules\koa-compose\index.js:36:12
    at dispatch (C:\Users\HYH\Desktop\cms\koa-server\node_modules\koa-router\lib\router.js:350:31)
    at dispatch (C:\Users\HYH\Desktop\cms\koa-server\node_modules\koa-compose\index.js:42:32)
    at next (C:\Users\HYH\Desktop\cms\koa-server\node_modules\koa-compose\index.js:43:18)
    at app.use (C:\Users\HYH\Desktop\cms\koa-server\app.js:34:15)
    at dispatch (C:\Users\HYH\Desktop\cms\koa-server\node_modules\koa-compose\index.js:42:32)
    at next (C:\Users\HYH\Desktop\cms\koa-server\node_modules\koa-compose\index.js:43:18)
    at C:\Users\HYH\Desktop\cms\koa-server\node_modules\koa2-cors\dist\index.js:89:15
    at dispatch (C:\Users\HYH\Desktop\cms\koa-server\node_modules\koa-compose\index.js:42:32)
    at next (C:\Users\HYH\Desktop\cms\koa-server\node_modules\koa-compose\index.js:43:18)
    at bodyParser (C:\Users\HYH\Desktop\cms\koa-server\node_modules\koa-bodyparser\index.js:86:11)
    at <anonymous>
    at process._tickCallback (internal/process/next_tick.js:188:7) 
[2018-03-14T17:20:00.363] [ERROR] dhr - method:GET originalUrl:/department/test?a=1&b=aaa query:{"a":"1","b":"aaa"} time: 0ms
 err name:ReferenceError err message:data is not defined err stack: ReferenceError: data is not defined
    at exports.test (C:\Users\HYH\Desktop\cms\koa-server\controllers\user\department.js:125:31)
    at dispatch (C:\Users\HYH\Desktop\cms\koa-server\node_modules\koa-router\node_modules\koa-compose\index.js:44:32)
    at next (C:\Users\HYH\Desktop\cms\koa-server\node_modules\koa-router\node_modules\koa-compose\index.js:45:18)
    at C:\Users\HYH\Desktop\cms\koa-server\node_modules\koa-router\lib\router.js:345:16
    at dispatch (C:\Users\HYH\Desktop\cms\koa-server\node_modules\koa-router\node_modules\koa-compose\index.js:44:32)
    at C:\Users\HYH\Desktop\cms\koa-server\node_modules\koa-router\node_modules\koa-compose\index.js:36:12
    at dispatch (C:\Users\HYH\Desktop\cms\koa-server\node_modules\koa-router\lib\router.js:350:31)
    at dispatch (C:\Users\HYH\Desktop\cms\koa-server\node_modules\koa-compose\index.js:42:32)
    at next (C:\Users\HYH\Desktop\cms\koa-server\node_modules\koa-compose\index.js:43:18)
    at app.use (C:\Users\HYH\Desktop\cms\koa-server\app.js:34:15)
    at dispatch (C:\Users\HYH\Desktop\cms\koa-server\node_modules\koa-compose\index.js:42:32)
    at next (C:\Users\HYH\Desktop\cms\koa-server\node_modules\koa-compose\index.js:43:18)
    at C:\Users\HYH\Desktop\cms\koa-server\node_modules\koa2-cors\dist\index.js:89:15
    at dispatch (C:\Users\HYH\Desktop\cms\koa-server\node_modules\koa-compose\index.js:42:32)
    at next (C:\Users\HYH\Desktop\cms\koa-server\node_modules\koa-compose\index.js:43:18)
    at bodyParser (C:\Users\HYH\Desktop\cms\koa-server\node_modules\koa-bodyparser\index.js:86:11)
    at <anonymous>
    at process._tickCallback (internal/process/next_tick.js:188:7) 
[2018-03-14T17:20:36.905] [INFO] dhr - test
[2018-03-14T17:20:36.908] [ERROR] dhr - test
[2018-03-14T17:20:55.377] [INFO] dhr - method:GET originalUrl:/department/test?a=1&b=[1,2] query:{"a":"1","b":"[1,2]"} time: 2ms

[2018-03-14T17:20:55.378] [ERROR] dhr - method:GET originalUrl:/department/test?a=1&b=[1,2] query:{"a":"1","b":"[1,2]"} time: 2ms
 err name:ReferenceError err message:data is not defined err stack: ReferenceError: data is not defined
    at exports.test (C:\Users\HYH\Desktop\cms\koa-server\controllers\user\department.js:125:31)
    at dispatch (C:\Users\HYH\Desktop\cms\koa-server\node_modules\koa-router\node_modules\koa-compose\index.js:44:32)
    at next (C:\Users\HYH\Desktop\cms\koa-server\node_modules\koa-router\node_modules\koa-compose\index.js:45:18)
    at C:\Users\HYH\Desktop\cms\koa-server\node_modules\koa-router\lib\router.js:345:16
    at dispatch (C:\Users\HYH\Desktop\cms\koa-server\node_modules\koa-router\node_modules\koa-compose\index.js:44:32)
    at C:\Users\HYH\Desktop\cms\koa-server\node_modules\koa-router\node_modules\koa-compose\index.js:36:12
    at dispatch (C:\Users\HYH\Desktop\cms\koa-server\node_modules\koa-router\lib\router.js:350:31)
    at dispatch (C:\Users\HYH\Desktop\cms\koa-server\node_modules\koa-compose\index.js:42:32)
    at next (C:\Users\HYH\Desktop\cms\koa-server\node_modules\koa-compose\index.js:43:18)
    at app.use (C:\Users\HYH\Desktop\cms\koa-server\app.js:34:15)
    at dispatch (C:\Users\HYH\Desktop\cms\koa-server\node_modules\koa-compose\index.js:42:32)
    at next (C:\Users\HYH\Desktop\cms\koa-server\node_modules\koa-compose\index.js:43:18)
    at C:\Users\HYH\Desktop\cms\koa-server\node_modules\koa2-cors\dist\index.js:89:15
    at dispatch (C:\Users\HYH\Desktop\cms\koa-server\node_modules\koa-compose\index.js:42:32)
    at next (C:\Users\HYH\Desktop\cms\koa-server\node_modules\koa-compose\index.js:43:18)
    at bodyParser (C:\Users\HYH\Desktop\cms\koa-server\node_modules\koa-bodyparser\index.js:86:11)
    at <anonymous>
    at process._tickCallback (internal/process/next_tick.js:188:7) 
[2018-03-14T17:20:55.378] [ERROR] dhr - method:GET originalUrl:/department/test?a=1&b=[1,2] query:{"a":"1","b":"[1,2]"} time: 2ms
 err name:ReferenceError err message:data is not defined err stack: ReferenceError: data is not defined
    at exports.test (C:\Users\HYH\Desktop\cms\koa-server\controllers\user\department.js:125:31)
    at dispatch (C:\Users\HYH\Desktop\cms\koa-server\node_modules\koa-router\node_modules\koa-compose\index.js:44:32)
    at next (C:\Users\HYH\Desktop\cms\koa-server\node_modules\koa-router\node_modules\koa-compose\index.js:45:18)
    at C:\Users\HYH\Desktop\cms\koa-server\node_modules\koa-router\lib\router.js:345:16
    at dispatch (C:\Users\HYH\Desktop\cms\koa-server\node_modules\koa-router\node_modules\koa-compose\index.js:44:32)
    at C:\Users\HYH\Desktop\cms\koa-server\node_modules\koa-router\node_modules\koa-compose\index.js:36:12
    at dispatch (C:\Users\HYH\Desktop\cms\koa-server\node_modules\koa-router\lib\router.js:350:31)
    at dispatch (C:\Users\HYH\Desktop\cms\koa-server\node_modules\koa-compose\index.js:42:32)
    at next (C:\Users\HYH\Desktop\cms\koa-server\node_modules\koa-compose\index.js:43:18)
    at app.use (C:\Users\HYH\Desktop\cms\koa-server\app.js:34:15)
    at dispatch (C:\Users\HYH\Desktop\cms\koa-server\node_modules\koa-compose\index.js:42:32)
    at next (C:\Users\HYH\Desktop\cms\koa-server\node_modules\koa-compose\index.js:43:18)
    at C:\Users\HYH\Desktop\cms\koa-server\node_modules\koa2-cors\dist\index.js:89:15
    at dispatch (C:\Users\HYH\Desktop\cms\koa-server\node_modules\koa-compose\index.js:42:32)
    at next (C:\Users\HYH\Desktop\cms\koa-server\node_modules\koa-compose\index.js:43:18)
    at bodyParser (C:\Users\HYH\Desktop\cms\koa-server\node_modules\koa-bodyparser\index.js:86:11)
    at <anonymous>
    at process._tickCallback (internal/process/next_tick.js:188:7) 
[2018-03-14T17:21:36.869] [INFO] dhr - test
[2018-03-14T17:21:36.871] [ERROR] dhr - test
[2018-03-14T17:21:38.924] [INFO] dhr - method:GET originalUrl:/department/test?a=1&b=[1,2] query:{"a":"1","b":"[1,2]"} time: 3ms

[2018-03-14T17:21:38.926] [INFO] dhr - method:GET originalUrl:/department/test?a=1&b=[1,2] query:{"a":"1","b":"[1,2]"} time: 3ms
status:200 body:{"errorCode":0} 
[2018-03-14T17:21:59.333] [INFO] dhr - test
[2018-03-14T17:21:59.336] [ERROR] dhr - test
[2018-03-14T17:22:02.134] [INFO] dhr - method:GET originalUrl:/department/test?a=1&b=[1,2] query:{"a":"1","b":"[1,2]"} time: 3ms

[2018-03-14T17:22:02.135] [INFO] dhr - method:GET originalUrl:/department/test?a=1&b=[1,2] query:{"a":"1","b":"[1,2]"} time: 3ms
status:200 body:{"errorCode":0} 
[2018-03-14T17:22:20.215] [INFO] dhr - test
[2018-03-14T17:22:20.217] [ERROR] dhr - test
[2018-03-14T17:22:23.232] [INFO] dhr - method:GET originalUrl:/department/test?a=1&b=[1,2] query:{"a":"1","b":"[1,2]"} time: 4ms

[2018-03-14T17:22:23.233] [INFO] dhr - method:GET originalUrl:/department/test?a=1&b=[1,2] query:{"a":"1","b":"[1,2]"} time: 4ms
status:200 body:{"errorCode":0} 
[2018-03-14T17:22:57.973] [INFO] dhr - test
[2018-03-14T17:22:57.975] [ERROR] dhr - test
[2018-03-14T17:23:05.750] [INFO] dhr - method:GET originalUrl:/department/test?a=1&b=1 query:{"a":"1","b":"1"} time: 5ms

[2018-03-14T17:23:05.751] [INFO] dhr - method:GET originalUrl:/department/test?a=1&b=1 query:{"a":"1","b":"1"} time: 5ms
status:200 body:{"errorCode":0} 
[2018-03-14T17:23:27.048] [INFO] dhr - method:GET originalUrl:/department/test?a=1&b=%221%22 query:{"a":"1","b":"\"1\""} time: 0ms

[2018-03-14T17:23:27.049] [INFO] dhr - method:GET originalUrl:/department/test?a=1&b=%221%22 query:{"a":"1","b":"\"1\""} time: 0ms
status:200 body:{"errorCode":0} 
[2018-03-14T17:24:45.441] [INFO] dhr - test
[2018-03-14T17:24:45.443] [ERROR] dhr - test
[2018-03-15T15:27:53.155] [INFO] dhr - test
[2018-03-15T15:27:53.157] [ERROR] dhr - test
[2018-03-15T15:35:12.716] [INFO] dhr - test
[2018-03-15T15:35:12.719] [ERROR] dhr - test
[2018-03-15T15:38:46.961] [INFO] dhr - test
[2018-03-15T15:38:46.964] [ERROR] dhr - test
[2018-03-15T15:41:35.147] [INFO] dhr - test
[2018-03-15T15:41:35.150] [ERROR] dhr - test
[2018-03-15T15:42:56.199] [INFO] dhr - test
[2018-03-15T15:42:56.201] [ERROR] dhr - test
[2018-03-15T15:43:24.608] [INFO] dhr - test
[2018-03-15T15:43:24.610] [ERROR] dhr - test
[2018-03-15T15:44:41.288] [INFO] dhr - test
[2018-03-15T15:44:41.291] [ERROR] dhr - test
[2018-03-15T15:46:09.317] [INFO] dhr - test
[2018-03-15T15:46:09.319] [ERROR] dhr - test
[2018-03-15T15:46:40.987] [INFO] dhr - test
[2018-03-15T15:46:40.989] [ERROR] dhr - test
[2018-03-15T15:50:29.008] [INFO] dhr - test
[2018-03-15T15:50:29.010] [ERROR] dhr - test
[2018-03-19T09:30:02.786] [INFO] dhr - test
[2018-03-19T09:30:02.788] [ERROR] dhr - test
[2018-03-21T11:43:46.607] [INFO] dhr - test
[2018-03-21T11:43:46.610] [ERROR] dhr - test
[2018-03-21T12:01:04.163] [INFO] dhr - test
[2018-03-21T12:01:04.165] [ERROR] dhr - test
[2018-03-21T12:01:20.852] [INFO] dhr - test
[2018-03-21T12:01:20.855] [ERROR] dhr - test
[2018-03-21T12:01:30.018] [INFO] dhr - test
[2018-03-21T12:01:30.021] [ERROR] dhr - test
[2018-03-25T13:07:17.378] [INFO] dhr - test
[2018-03-25T13:07:17.380] [ERROR] dhr - test
[2018-03-25T13:09:52.142] [INFO] dhr - test
[2018-03-25T13:09:52.150] [ERROR] dhr - test
[2019-03-11T14:22:08.774] [INFO] dhr - test
[2019-03-11T14:22:08.779] [ERROR] dhr - test
[2019-03-11T14:30:18.234] [INFO] dhr - test
[2019-03-11T14:30:18.237] [ERROR] dhr - test
[2019-03-11T14:32:38.248] [INFO] dhr - test
[2019-03-11T14:32:38.252] [ERROR] dhr - test
[2019-03-11T14:33:22.523] [INFO] dhr - test
[2019-03-11T14:33:22.526] [ERROR] dhr - test
[2019-03-11T14:33:48.687] [INFO] dhr - test
[2019-03-11T14:33:48.690] [ERROR] dhr - test
[2019-03-11T14:36:30.739] [INFO] dhr - test
[2019-03-11T14:36:30.742] [ERROR] dhr - test
[2019-03-11T14:36:49.625] [INFO] dhr - test
[2019-03-11T14:36:49.628] [ERROR] dhr - test
[2019-03-11T14:36:55.162] [INFO] dhr - test
[2019-03-11T14:36:55.165] [ERROR] dhr - test
[2019-03-11T14:37:39.653] [INFO] dhr - test
[2019-03-11T14:37:39.656] [ERROR] dhr - test
[2019-03-11T14:40:17.000] [INFO] dhr - test
[2019-03-11T14:40:17.003] [ERROR] dhr - test
[2019-03-11T14:41:33.283] [INFO] dhr - test
[2019-03-11T14:41:33.286] [ERROR] dhr - test
[2019-03-11T14:43:34.482] [INFO] dhr - test
[2019-03-11T14:43:34.485] [ERROR] dhr - test
[2019-03-11T14:44:56.039] [INFO] dhr - method:GET originalUrl:/dhr/user/info/test query:{} time: 2ms

[2019-03-11T14:44:56.039] [INFO] dhr - method:GET originalUrl:/dhr/user/info/test query:{} time: 2ms
status:200 body:{"errorCode":0,"msg":{"b":[666,1,88]}} 
[2019-10-27T22:11:16.550] [INFO] dhr - test
[2019-10-27T22:11:16.556] [ERROR] dhr - test
[2019-10-27T22:17:43.274] [INFO] dhr - test
[2019-10-27T22:17:43.280] [ERROR] dhr - test
[2019-10-27T22:18:25.777] [INFO] dhr - test
[2019-10-27T22:18:25.782] [ERROR] dhr - test
[2019-10-27T22:19:05.622] [INFO] dhr - test
[2019-10-27T22:19:05.627] [ERROR] dhr - test
[2019-10-27T22:22:49.025] [INFO] dhr - test
[2019-10-27T22:22:49.033] [ERROR] dhr - test
[2019-10-27T22:30:07.914] [INFO] dhr - test
[2019-10-27T22:30:07.920] [ERROR] dhr - test
[2019-10-27T22:30:26.874] [INFO] dhr - test
[2019-10-27T22:30:26.880] [ERROR] dhr - test
[2019-10-27T22:31:24.610] [INFO] dhr - test
[2019-10-27T22:31:24.616] [ERROR] dhr - test
[2019-10-27T22:31:49.462] [INFO] dhr - test
[2019-10-27T22:31:49.469] [ERROR] dhr - test
[2019-10-27T22:31:57.040] [INFO] dhr - test
[2019-10-27T22:31:57.046] [ERROR] dhr - test
[2019-10-29T15:46:24.468] [INFO] dhr - method:POST originalUrl:/dev-api-dhr/user/login body:{"password":"1111111111","username":"admin"} time: 2ms

[2019-10-29T15:46:24.472] [INFO] dhr - method:POST originalUrl:/dev-api-dhr/user/login body:{"password":"1111111111","username":"admin"} time: 2ms
status:200 body:{"code":20000,"data":{"token":"admin-token"}} 
[2019-10-29T15:46:38.722] [INFO] dhr - method:POST originalUrl:/dev-api-dhr/user/login body:{"password":"1111111111","username":"admin"} time: 2ms

[2019-10-29T15:46:38.727] [INFO] dhr - method:POST originalUrl:/dev-api-dhr/user/login body:{"password":"1111111111","username":"admin"} time: 2ms
status:200 body:{"code":20000111,"data":{"token":"admin-token"}} 
[2019-10-29T15:47:03.176] [INFO] dhr - method:GET originalUrl:/ query:{} time: 9ms

[2019-10-29T15:47:03.177] [INFO] dhr - method:GET originalUrl:/ query:{} time: 9ms
status:404 body:undefined 
[2019-10-29T15:47:03.272] [INFO] dhr - method:GET originalUrl:/favicon.ico query:{} time: 1ms

[2019-10-29T15:47:03.273] [INFO] dhr - method:GET originalUrl:/favicon.ico query:{} time: 1ms
status:404 body:undefined 
[2019-10-29T15:47:08.562] [INFO] dhr - method:GET originalUrl:/ query:{} time: 2ms

[2019-10-29T15:47:08.569] [INFO] dhr - method:GET originalUrl:/ query:{} time: 2ms
status:404 body:undefined 
[2019-10-29T15:47:42.831] [INFO] dhr - method:GET originalUrl:/ query:{} time: 18ms

[2019-10-29T15:47:42.866] [INFO] dhr - method:GET originalUrl:/ query:{} time: 18ms
status:404 body:undefined 
[2019-10-29T15:47:43.740] [INFO] dhr - method:GET originalUrl:/ query:{} time: 2ms

[2019-10-29T15:47:43.746] [INFO] dhr - method:GET originalUrl:/ query:{} time: 2ms
status:404 body:undefined 
[2019-10-29T15:52:04.376] [INFO] dhr - method:GET originalUrl:/dev-api-dhr/user/info?token=admin-token query:{"token":"admin-token"} time: 8ms

[2019-10-29T15:52:04.381] [INFO] dhr - method:GET originalUrl:/dev-api-dhr/user/info?token=admin-token query:{"token":"admin-token"} time: 8ms
status:404 body:undefined 
[2019-10-29T15:52:04.386] [INFO] dhr - method:GET originalUrl:/dev-api-dhr/user/info?token=admin-token query:{"token":"admin-token"} time: 1ms

[2019-10-29T15:52:04.387] [INFO] dhr - method:GET originalUrl:/dev-api-dhr/user/info?token=admin-token query:{"token":"admin-token"} time: 1ms
status:404 body:undefined 
[2019-10-29T15:52:17.540] [INFO] dhr - method:POST originalUrl:/dev-api-dhr/user/login body:{"username":"admin","password":"1111111111"} time: 1ms

[2019-10-29T15:52:17.542] [INFO] dhr - method:POST originalUrl:/dev-api-dhr/user/login body:{"username":"admin","password":"1111111111"} time: 1ms
status:200 body:{"code":20000,"data":{"token":"admin-token"}} 
[2019-10-29T15:52:17.561] [INFO] dhr - method:GET originalUrl:/dev-api-dhr/user/info?token=admin-token query:{"token":"admin-token"} time: 0ms

[2019-10-29T15:52:17.563] [INFO] dhr - method:GET originalUrl:/dev-api-dhr/user/info?token=admin-token query:{"token":"admin-token"} time: 0ms
status:404 body:undefined 
[2019-10-29T15:52:30.503] [INFO] dhr - method:POST originalUrl:/dev-api-dhr/user/login body:{"username":"admin","password":"1111111111"} time: 0ms

[2019-10-29T15:52:30.505] [INFO] dhr - method:POST originalUrl:/dev-api-dhr/user/login body:{"username":"admin","password":"1111111111"} time: 0ms
status:200 body:{"code":20000,"data":{"token":"admin-token"}} 
[2019-10-29T15:52:30.529] [INFO] dhr - method:GET originalUrl:/dev-api-dhr/user/info?token=admin-token query:{"token":"admin-token"} time: 1ms

[2019-10-29T15:52:30.531] [INFO] dhr - method:GET originalUrl:/dev-api-dhr/user/info?token=admin-token query:{"token":"admin-token"} time: 1ms
status:404 body:undefined 
[2019-10-29T16:02:52.609] [INFO] dhr - method:GET originalUrl:/dev-api-dhr/user/info?token=admin-token query:{"token":"admin-token"} time: 2ms

[2019-10-29T16:02:52.613] [INFO] dhr - method:GET originalUrl:/dev-api-dhr/user/info?token=admin-token query:{"token":"admin-token"} time: 2ms
status:200 body:{"code":20000,"data":{"avatar":"https://wpimg.wallstcn.com/f778738c-e4f8-4870-b634-56703b4acafe.gif","introduction":"I am a super administrator","name":"Super Admin","roles":["admin"]}} 
[2019-10-29T16:06:17.101] [INFO] dhr - method:GET originalUrl:/dev-api-dhr/user/info?token=admin-token query:{"token":"admin-token"} time: 0ms

[2019-10-29T16:06:17.104] [INFO] dhr - method:GET originalUrl:/dev-api-dhr/user/info?token=admin-token query:{"token":"admin-token"} time: 0ms
status:200 body:{"code":20000,"data":{"avatar":"https://wpimg.wallstcn.com/f778738c-e4f8-4870-b634-56703b4acafe.gif","introduction":"I am a super administrator","name":"Super Admin","roles":["admin"]}} 
[2019-10-29T16:06:29.985] [INFO] dhr - method:GET originalUrl:/dev-api-dhr/user/info?token=admin-token query:{"token":"admin-token"} time: 0ms

[2019-10-29T16:06:29.987] [INFO] dhr - method:GET originalUrl:/dev-api-dhr/user/info?token=admin-token query:{"token":"admin-token"} time: 0ms
status:200 body:{"code":20000,"data":{"avatar":"https://wpimg.wallstcn.com/f778738c-e4f8-4870-b634-56703b4acafe.gif","introduction":"I am a super administrator","name":"Super Admin","roles":["admin"]}} 
[2019-10-29T16:21:15.057] [INFO] dhr - method:GET originalUrl:/dev-api-dhr/transaction/list query:{} time: 2ms

[2019-10-29T16:21:15.063] [INFO] dhr - method:GET originalUrl:/dev-api-dhr/transaction/list query:{} time: 2ms
status:200 body:{"code":20000,"data":{"items":[{"order_no":"87F17C1f-CfFE-3EDf-87F8-EeaeBF4Bcaf0","timestamp":1183916679954,"username":"Donald Jones"},{"order_no":"87F17C1f-CfFE-3EDf-87F8-EeaeBF4Bcaf0","timestamp":1183916679954,"username":"Donald Jones"},{"order_no":"87F17C1f-CfFE-3EDf-87F8-EeaeBF4Bcaf0","timestamp":1183916679954,"username":"Donald Jones"},{"order_no":"87F17C1f-CfFE-3EDf-87F8-EeaeBF4Bcaf0","timestamp":1183916679954,"username":"Donald Jones"},{"order_no":"87F17C1f-CfFE-3EDf-87F8-EeaeBF4Bcaf0","timestamp":1183916679954,"username":"Donald Jones"},{"order_no":"87F17C1f-CfFE-3EDf-87F8-EeaeBF4Bcaf0","timestamp":1183916679954,"username":"Donald Jones"},{"order_no":"87F17C1f-CfFE-3EDf-87F8-EeaeBF4Bcaf0","timestamp":1183916679954,"username":"Donald Jones"},{"order_no":"87F17C1f-CfFE-3EDf-87F8-EeaeBF4Bcaf0","timestamp":1183916679954,"username":"Donald Jones"},{"order_no":"87F17C1f-CfFE-3EDf-87F8-EeaeBF4Bcaf0","timestamp":1183916679954,"username":"Donald Jones"},{"order_no":"87F17C1f-CfFE-3EDf-87F8-EeaeBF4Bcaf0","timestamp":1183916679954,"username":"Donald Jones"},{"order_no":"87F17C1f-CfFE-3EDf-87F8-EeaeBF4Bcaf0","timestamp":1183916679954,"username":"Donald Jones"},{"order_no":"87F17C1f-CfFE-3EDf-87F8-EeaeBF4Bcaf0","timestamp":1183916679954,"username":"Donald Jones"},{"order_no":"87F17C1f-CfFE-3EDf-87F8-EeaeBF4Bcaf0","timestamp":1183916679954,"username":"Donald Jones"},{"order_no":"87F17C1f-CfFE-3EDf-87F8-EeaeBF4Bcaf0","timestamp":1183916679954,"username":"Donald Jones"},{"order_no":"87F17C1f-CfFE-3EDf-87F8-EeaeBF4Bcaf0","timestamp":1183916679954,"username":"Donald Jones"},{"order_no":"87F17C1f-CfFE-3EDf-87F8-EeaeBF4Bcaf0","timestamp":1183916679954,"username":"Donald Jones"}],"total":20}} 
[2019-10-29T16:27:12.140] [INFO] dhr - method:GET originalUrl:/dev-api-dhr/user/info?token=admin-token query:{"token":"admin-token"} time: 2ms

[2019-10-29T16:27:12.145] [INFO] dhr - method:GET originalUrl:/dev-api-dhr/user/info?token=admin-token query:{"token":"admin-token"} time: 2ms
status:200 body:{"code":20000,"data":{"avatar":"https://wpimg.wallstcn.com/f778738c-e4f8-4870-b634-56703b4acafe.gif","introduction":"I am a super administrator","name":"Super Admin","roles":["admin"]}} 
[2019-10-29T16:27:12.155] [INFO] dhr - method:GET originalUrl:/dev-api-dhr/user/info?token=admin-token query:{"token":"admin-token"} time: 0ms

[2019-10-29T16:27:12.158] [INFO] dhr - method:GET originalUrl:/dev-api-dhr/user/info?token=admin-token query:{"token":"admin-token"} time: 0ms
status:200 body:{"code":20000,"data":{"avatar":"https://wpimg.wallstcn.com/f778738c-e4f8-4870-b634-56703b4acafe.gif","introduction":"I am a super administrator","name":"Super Admin","roles":["admin"]}} 
[2019-10-29T16:27:12.849] [INFO] dhr - method:GET originalUrl:/dev-api-dhr/transaction/list query:{} time: 0ms

[2019-10-29T16:27:12.851] [INFO] dhr - method:GET originalUrl:/dev-api-dhr/transaction/list query:{} time: 0ms
status:200 body:{"code":20000,"data":{"items":[{"order_no":"7421dddB-51cc-C469-1385-C6ebcef0e46D","price":6021,"status":"pending","timestamp":1183916679954,"username":"Paul Lee"},{"order_no":"7421dddB-51cc-C469-1385-C6ebcef0e46D","price":6021,"status":"pending","timestamp":1183916679954,"username":"Paul Lee"},{"order_no":"7421dddB-51cc-C469-1385-C6ebcef0e46D","price":6021,"status":"pending","timestamp":1183916679954,"username":"Paul Lee"},{"order_no":"7421dddB-51cc-C469-1385-C6ebcef0e46D","price":6021,"status":"pending","timestamp":1183916679954,"username":"Paul Lee"},{"order_no":"7421dddB-51cc-C469-1385-C6ebcef0e46D","price":6021,"status":"pending","timestamp":1183916679954,"username":"Paul Lee"},{"order_no":"7421dddB-51cc-C469-1385-C6ebcef0e46D","price":6021,"status":"pending","timestamp":1183916679954,"username":"Paul Lee"},{"order_no":"7421dddB-51cc-C469-1385-C6ebcef0e46D","price":6021,"status":"pending","timestamp":1183916679954,"username":"Paul Lee"},{"order_no":"7421dddB-51cc-C469-1385-C6ebcef0e46D","price":6021,"status":"pending","timestamp":1183916679954,"username":"Paul Lee"},{"order_no":"7421dddB-51cc-C469-1385-C6ebcef0e46D","price":6021,"status":"pending","timestamp":1183916679954,"username":"Paul Lee"},{"order_no":"7421dddB-51cc-C469-1385-C6ebcef0e46D","price":6021,"status":"pending","timestamp":1183916679954,"username":"Paul Lee"},{"order_no":"7421dddB-51cc-C469-1385-C6ebcef0e46D","price":6021,"status":"pending","timestamp":1183916679954,"username":"Paul Lee"},{"order_no":"7421dddB-51cc-C469-1385-C6ebcef0e46D","price":6021,"status":"pending","timestamp":1183916679954,"username":"Paul Lee"},{"order_no":"7421dddB-51cc-C469-1385-C6ebcef0e46D","price":6021,"status":"pending","timestamp":1183916679954,"username":"Paul Lee"},{"order_no":"7421dddB-51cc-C469-1385-C6ebcef0e46D","price":6021,"status":"pending","timestamp":1183916679954,"username":"Paul Lee"},{"order_no":"7421dddB-51cc-C469-1385-C6ebcef0e46D","price":6021,"status":"pending","timestamp":1183916679954,"username":"Paul Lee"},{"order_no":"7421dddB-51cc-C469-1385-C6ebcef0e46D","price":6021,"status":"pending","timestamp":1183916679954,"username":"Paul Lee"}],"total":20}} 
[2019-10-29T16:27:12.944] [INFO] dhr - method:GET originalUrl:/dev-api-dhr/transaction/list query:{} time: 0ms

[2019-10-29T16:27:12.946] [INFO] dhr - method:GET originalUrl:/dev-api-dhr/transaction/list query:{} time: 0ms
status:200 body:{"code":20000,"data":{"items":[{"order_no":"7421dddB-51cc-C469-1385-C6ebcef0e46D","price":6021,"status":"pending","timestamp":1183916679954,"username":"Paul Lee"},{"order_no":"7421dddB-51cc-C469-1385-C6ebcef0e46D","price":6021,"status":"pending","timestamp":1183916679954,"username":"Paul Lee"},{"order_no":"7421dddB-51cc-C469-1385-C6ebcef0e46D","price":6021,"status":"pending","timestamp":1183916679954,"username":"Paul Lee"},{"order_no":"7421dddB-51cc-C469-1385-C6ebcef0e46D","price":6021,"status":"pending","timestamp":1183916679954,"username":"Paul Lee"},{"order_no":"7421dddB-51cc-C469-1385-C6ebcef0e46D","price":6021,"status":"pending","timestamp":1183916679954,"username":"Paul Lee"},{"order_no":"7421dddB-51cc-C469-1385-C6ebcef0e46D","price":6021,"status":"pending","timestamp":1183916679954,"username":"Paul Lee"},{"order_no":"7421dddB-51cc-C469-1385-C6ebcef0e46D","price":6021,"status":"pending","timestamp":1183916679954,"username":"Paul Lee"},{"order_no":"7421dddB-51cc-C469-1385-C6ebcef0e46D","price":6021,"status":"pending","timestamp":1183916679954,"username":"Paul Lee"},{"order_no":"7421dddB-51cc-C469-1385-C6ebcef0e46D","price":6021,"status":"pending","timestamp":1183916679954,"username":"Paul Lee"},{"order_no":"7421dddB-51cc-C469-1385-C6ebcef0e46D","price":6021,"status":"pending","timestamp":1183916679954,"username":"Paul Lee"},{"order_no":"7421dddB-51cc-C469-1385-C6ebcef0e46D","price":6021,"status":"pending","timestamp":1183916679954,"username":"Paul Lee"},{"order_no":"7421dddB-51cc-C469-1385-C6ebcef0e46D","price":6021,"status":"pending","timestamp":1183916679954,"username":"Paul Lee"},{"order_no":"7421dddB-51cc-C469-1385-C6ebcef0e46D","price":6021,"status":"pending","timestamp":1183916679954,"username":"Paul Lee"},{"order_no":"7421dddB-51cc-C469-1385-C6ebcef0e46D","price":6021,"status":"pending","timestamp":1183916679954,"username":"Paul Lee"},{"order_no":"7421dddB-51cc-C469-1385-C6ebcef0e46D","price":6021,"status":"pending","timestamp":1183916679954,"username":"Paul Lee"},{"order_no":"7421dddB-51cc-C469-1385-C6ebcef0e46D","price":6021,"status":"pending","timestamp":1183916679954,"username":"Paul Lee"}],"total":20}} 
[2019-10-29T16:27:40.384] [INFO] dhr - method:GET originalUrl:/dev-api-dhr/user/info?token=admin-token query:{"token":"admin-token"} time: 1ms

[2019-10-29T16:27:40.386] [INFO] dhr - method:GET originalUrl:/dev-api-dhr/user/info?token=admin-token query:{"token":"admin-token"} time: 1ms
status:200 body:{"code":20000,"data":{"avatar":"https://wpimg.wallstcn.com/f778738c-e4f8-4870-b634-56703b4acafe.gif","introduction":"I am a super administrator","name":"Super Admin","roles":["admin"]}} 
[2019-10-29T16:27:41.022] [INFO] dhr - method:GET originalUrl:/dev-api-dhr/transaction/list query:{} time: 0ms

[2019-10-29T16:27:41.025] [INFO] dhr - method:GET originalUrl:/dev-api-dhr/transaction/list query:{} time: 0ms
status:200 body:{"code":20000,"data":{"items":[{"order_no":"7421dddB-51cc-C469-1385-C6ebcef0e46D","price":6021,"status":"pending","timestamp":1183916679954,"username":"Paul Lee"},{"order_no":"7421dddB-51cc-C469-1385-C6ebcef0e46D","price":6021,"status":"pending","timestamp":1183916679954,"username":"Paul Lee"},{"order_no":"7421dddB-51cc-C469-1385-C6ebcef0e46D","price":6021,"status":"pending","timestamp":1183916679954,"username":"Paul Lee"},{"order_no":"7421dddB-51cc-C469-1385-C6ebcef0e46D","price":6021,"status":"pending","timestamp":1183916679954,"username":"Paul Lee"},{"order_no":"7421dddB-51cc-C469-1385-C6ebcef0e46D","price":6021,"status":"pending","timestamp":1183916679954,"username":"Paul Lee"},{"order_no":"7421dddB-51cc-C469-1385-C6ebcef0e46D","price":6021,"status":"pending","timestamp":1183916679954,"username":"Paul Lee"},{"order_no":"7421dddB-51cc-C469-1385-C6ebcef0e46D","price":6021,"status":"pending","timestamp":1183916679954,"username":"Paul Lee"},{"order_no":"7421dddB-51cc-C469-1385-C6ebcef0e46D","price":6021,"status":"pending","timestamp":1183916679954,"username":"Paul Lee"},{"order_no":"7421dddB-51cc-C469-1385-C6ebcef0e46D","price":6021,"status":"pending","timestamp":1183916679954,"username":"Paul Lee"},{"order_no":"7421dddB-51cc-C469-1385-C6ebcef0e46D","price":6021,"status":"pending","timestamp":1183916679954,"username":"Paul Lee"},{"order_no":"7421dddB-51cc-C469-1385-C6ebcef0e46D","price":6021,"status":"pending","timestamp":1183916679954,"username":"Paul Lee"},{"order_no":"7421dddB-51cc-C469-1385-C6ebcef0e46D","price":6021,"status":"pending","timestamp":1183916679954,"username":"Paul Lee"},{"order_no":"7421dddB-51cc-C469-1385-C6ebcef0e46D","price":6021,"status":"pending","timestamp":1183916679954,"username":"Paul Lee"},{"order_no":"7421dddB-51cc-C469-1385-C6ebcef0e46D","price":6021,"status":"pending","timestamp":1183916679954,"username":"Paul Lee"},{"order_no":"7421dddB-51cc-C469-1385-C6ebcef0e46D","price":6021,"status":"pending","timestamp":1183916679954,"username":"Paul Lee"},{"order_no":"7421dddB-51cc-C469-1385-C6ebcef0e46D","price":6021,"status":"pending","timestamp":1183916679954,"username":"Paul Lee"}],"total":20}} 
[2019-10-29T16:28:41.370] [INFO] dhr - method:GET originalUrl:/dev-api-dhr/user/info?token=admin-token query:{"token":"admin-token"} time: 0ms

[2019-10-29T16:28:41.373] [INFO] dhr - method:GET originalUrl:/dev-api-dhr/user/info?token=admin-token query:{"token":"admin-token"} time: 0ms
status:200 body:{"code":20000,"data":{"avatar":"https://wpimg.wallstcn.com/f778738c-e4f8-4870-b634-56703b4acafe.gif","introduction":"I am a super administrator","name":"Super Admin","roles":["admin"]}} 
[2019-10-29T16:28:42.042] [INFO] dhr - method:GET originalUrl:/dev-api-dhr/transaction/list query:{} time: 1ms

[2019-10-29T16:28:42.045] [INFO] dhr - method:GET originalUrl:/dev-api-dhr/transaction/list query:{} time: 1ms
status:200 body:{"code":20000,"data":{"items":[{"order_no":"7421dddB-51cc-C469-1385-C6ebcef0e46D","price":6021,"status":"pending","timestamp":1183916679954,"username":"Paul Lee"},{"order_no":"7421dddB-51cc-C469-1385-C6ebcef0e46D","price":6021,"status":"pending","timestamp":1183916679954,"username":"Paul Lee"},{"order_no":"7421dddB-51cc-C469-1385-C6ebcef0e46D","price":6021,"status":"pending","timestamp":1183916679954,"username":"Paul Lee"},{"order_no":"7421dddB-51cc-C469-1385-C6ebcef0e46D","price":6021,"status":"pending","timestamp":1183916679954,"username":"Paul Lee"},{"order_no":"7421dddB-51cc-C469-1385-C6ebcef0e46D","price":6021,"status":"pending","timestamp":1183916679954,"username":"Paul Lee"},{"order_no":"7421dddB-51cc-C469-1385-C6ebcef0e46D","price":6021,"status":"pending","timestamp":1183916679954,"username":"Paul Lee"},{"order_no":"7421dddB-51cc-C469-1385-C6ebcef0e46D","price":6021,"status":"pending","timestamp":1183916679954,"username":"Paul Lee"},{"order_no":"7421dddB-51cc-C469-1385-C6ebcef0e46D","price":6021,"status":"pending","timestamp":1183916679954,"username":"Paul Lee"},{"order_no":"7421dddB-51cc-C469-1385-C6ebcef0e46D","price":6021,"status":"pending","timestamp":1183916679954,"username":"Paul Lee"},{"order_no":"7421dddB-51cc-C469-1385-C6ebcef0e46D","price":6021,"status":"pending","timestamp":1183916679954,"username":"Paul Lee"},{"order_no":"7421dddB-51cc-C469-1385-C6ebcef0e46D","price":6021,"status":"pending","timestamp":1183916679954,"username":"Paul Lee"},{"order_no":"7421dddB-51cc-C469-1385-C6ebcef0e46D","price":6021,"status":"pending","timestamp":1183916679954,"username":"Paul Lee"},{"order_no":"7421dddB-51cc-C469-1385-C6ebcef0e46D","price":6021,"status":"pending","timestamp":1183916679954,"username":"Paul Lee"},{"order_no":"7421dddB-51cc-C469-1385-C6ebcef0e46D","price":6021,"status":"pending","timestamp":1183916679954,"username":"Paul Lee"},{"order_no":"7421dddB-51cc-C469-1385-C6ebcef0e46D","price":6021,"status":"pending","timestamp":1183916679954,"username":"Paul Lee"},{"order_no":"7421dddB-51cc-C469-1385-C6ebcef0e46D","price":6021,"status":"pending","timestamp":1183916679954,"username":"Paul Lee"}],"total":20}} 
[2019-10-29T16:29:26.815] [INFO] dhr - method:GET originalUrl:/dev-api-dhr/article/list query:{} time: 8ms

[2019-10-29T16:29:26.818] [INFO] dhr - method:GET originalUrl:/dev-api-dhr/article/list query:{} time: 8ms
status:404 body:undefined 
[2019-10-29T17:03:42.686] [INFO] dhr - method:POST originalUrl:/dev-api-dhr/user/login body:{"username":"admin","password":"1111111111"} time: 0ms

[2019-10-29T17:03:42.688] [INFO] dhr - method:POST originalUrl:/dev-api-dhr/user/login body:{"username":"admin","password":"1111111111"} time: 0ms
status:200 body:{"code":20000,"data":{"token":"admin-token"}} 
[2019-10-29T17:03:42.714] [INFO] dhr - method:GET originalUrl:/dev-api-dhr/user/info?token=admin-token query:{"token":"admin-token"} time: 1ms

[2019-10-29T17:03:42.715] [INFO] dhr - method:GET originalUrl:/dev-api-dhr/user/info?token=admin-token query:{"token":"admin-token"} time: 1ms
status:200 body:{"code":20000,"data":{"avatar":"https://wpimg.wallstcn.com/f778738c-e4f8-4870-b634-56703b4acafe.gif","introduction":"I am a super administrator","name":"Super Admin","roles":["admin"]}} 
[2019-10-29T17:03:43.431] [INFO] dhr - method:GET originalUrl:/dev-api-dhr/transaction/list query:{} time: 0ms

[2019-10-29T17:03:43.436] [INFO] dhr - method:GET originalUrl:/dev-api-dhr/transaction/list query:{} time: 0ms
status:200 body:{"code":20000,"data":{"items":[{"order_no":"7421dddB-51cc-C469-1385-C6ebcef0e46D","price":6021,"status":"pending","timestamp":1183916679954,"username":"Paul Lee"},{"order_no":"7421dddB-51cc-C469-1385-C6ebcef0e46D","price":6021,"status":"pending","timestamp":1183916679954,"username":"Paul Lee"},{"order_no":"7421dddB-51cc-C469-1385-C6ebcef0e46D","price":6021,"status":"pending","timestamp":1183916679954,"username":"Paul Lee"},{"order_no":"7421dddB-51cc-C469-1385-C6ebcef0e46D","price":6021,"status":"pending","timestamp":1183916679954,"username":"Paul Lee"},{"order_no":"7421dddB-51cc-C469-1385-C6ebcef0e46D","price":6021,"status":"pending","timestamp":1183916679954,"username":"Paul Lee"},{"order_no":"7421dddB-51cc-C469-1385-C6ebcef0e46D","price":6021,"status":"pending","timestamp":1183916679954,"username":"Paul Lee"},{"order_no":"7421dddB-51cc-C469-1385-C6ebcef0e46D","price":6021,"status":"pending","timestamp":1183916679954,"username":"Paul Lee"},{"order_no":"7421dddB-51cc-C469-1385-C6ebcef0e46D","price":6021,"status":"pending","timestamp":1183916679954,"username":"Paul Lee"},{"order_no":"7421dddB-51cc-C469-1385-C6ebcef0e46D","price":6021,"status":"pending","timestamp":1183916679954,"username":"Paul Lee"},{"order_no":"7421dddB-51cc-C469-1385-C6ebcef0e46D","price":6021,"status":"pending","timestamp":1183916679954,"username":"Paul Lee"},{"order_no":"7421dddB-51cc-C469-1385-C6ebcef0e46D","price":6021,"status":"pending","timestamp":1183916679954,"username":"Paul Lee"},{"order_no":"7421dddB-51cc-C469-1385-C6ebcef0e46D","price":6021,"status":"pending","timestamp":1183916679954,"username":"Paul Lee"},{"order_no":"7421dddB-51cc-C469-1385-C6ebcef0e46D","price":6021,"status":"pending","timestamp":1183916679954,"username":"Paul Lee"},{"order_no":"7421dddB-51cc-C469-1385-C6ebcef0e46D","price":6021,"status":"pending","timestamp":1183916679954,"username":"Paul Lee"},{"order_no":"7421dddB-51cc-C469-1385-C6ebcef0e46D","price":6021,"status":"pending","timestamp":1183916679954,"username":"Paul Lee"},{"order_no":"7421dddB-51cc-C469-1385-C6ebcef0e46D","price":6021,"status":"pending","timestamp":1183916679954,"username":"Paul Lee"}],"total":20}} 
[2019-10-29T17:04:03.976] [INFO] dhr - method:GET originalUrl:/dev-api-dhr/routes query:{} time: 1ms

[2019-10-29T17:04:03.978] [INFO] dhr - method:GET originalUrl:/dev-api-dhr/routes query:{} time: 1ms
status:404 body:undefined 
[2019-10-29T17:04:03.980] [INFO] dhr - method:GET originalUrl:/dev-api-dhr/roles query:{} time: 5ms

[2019-10-29T17:04:03.982] [INFO] dhr - method:GET originalUrl:/dev-api-dhr/roles query:{} time: 5ms
status:404 body:undefined 
[2019-10-29T17:05:01.404] [INFO] dhr - method:GET originalUrl:/dev-api-dhr/user/info?token=admin-token query:{"token":"admin-token"} time: 0ms

[2019-10-29T17:05:01.407] [INFO] dhr - method:GET originalUrl:/dev-api-dhr/user/info?token=admin-token query:{"token":"admin-token"} time: 0ms
status:200 body:{"code":20000,"data":{"avatar":"https://wpimg.wallstcn.com/f778738c-e4f8-4870-b634-56703b4acafe.gif","introduction":"I am a super administrator","name":"Super Admin","roles":["admin"]}} 
[2019-10-29T17:05:01.793] [INFO] dhr - method:GET originalUrl:/dev-api-dhr/user/info?token=admin-token query:{"token":"admin-token"} time: 0ms

[2019-10-29T17:05:01.795] [INFO] dhr - method:GET originalUrl:/dev-api-dhr/user/info?token=admin-token query:{"token":"admin-token"} time: 0ms
status:200 body:{"code":20000,"data":{"avatar":"https://wpimg.wallstcn.com/f778738c-e4f8-4870-b634-56703b4acafe.gif","introduction":"I am a super administrator","name":"Super Admin","roles":["admin"]}} 
[2019-10-29T17:05:02.081] [INFO] dhr - method:GET originalUrl:/dev-api-dhr/transaction/list query:{} time: 0ms

[2019-10-29T17:05:02.083] [INFO] dhr - method:GET originalUrl:/dev-api-dhr/transaction/list query:{} time: 0ms
status:200 body:{"code":20000,"data":{"items":[{"order_no":"7421dddB-51cc-C469-1385-C6ebcef0e46D","price":6021,"status":"pending","timestamp":1183916679954,"username":"Paul Lee"},{"order_no":"7421dddB-51cc-C469-1385-C6ebcef0e46D","price":6021,"status":"pending","timestamp":1183916679954,"username":"Paul Lee"},{"order_no":"7421dddB-51cc-C469-1385-C6ebcef0e46D","price":6021,"status":"pending","timestamp":1183916679954,"username":"Paul Lee"},{"order_no":"7421dddB-51cc-C469-1385-C6ebcef0e46D","price":6021,"status":"pending","timestamp":1183916679954,"username":"Paul Lee"},{"order_no":"7421dddB-51cc-C469-1385-C6ebcef0e46D","price":6021,"status":"pending","timestamp":1183916679954,"username":"Paul Lee"},{"order_no":"7421dddB-51cc-C469-1385-C6ebcef0e46D","price":6021,"status":"pending","timestamp":1183916679954,"username":"Paul Lee"},{"order_no":"7421dddB-51cc-C469-1385-C6ebcef0e46D","price":6021,"status":"pending","timestamp":1183916679954,"username":"Paul Lee"},{"order_no":"7421dddB-51cc-C469-1385-C6ebcef0e46D","price":6021,"status":"pending","timestamp":1183916679954,"username":"Paul Lee"},{"order_no":"7421dddB-51cc-C469-1385-C6ebcef0e46D","price":6021,"status":"pending","timestamp":1183916679954,"username":"Paul Lee"},{"order_no":"7421dddB-51cc-C469-1385-C6ebcef0e46D","price":6021,"status":"pending","timestamp":1183916679954,"username":"Paul Lee"},{"order_no":"7421dddB-51cc-C469-1385-C6ebcef0e46D","price":6021,"status":"pending","timestamp":1183916679954,"username":"Paul Lee"},{"order_no":"7421dddB-51cc-C469-1385-C6ebcef0e46D","price":6021,"status":"pending","timestamp":1183916679954,"username":"Paul Lee"},{"order_no":"7421dddB-51cc-C469-1385-C6ebcef0e46D","price":6021,"status":"pending","timestamp":1183916679954,"username":"Paul Lee"},{"order_no":"7421dddB-51cc-C469-1385-C6ebcef0e46D","price":6021,"status":"pending","timestamp":1183916679954,"username":"Paul Lee"},{"order_no":"7421dddB-51cc-C469-1385-C6ebcef0e46D","price":6021,"status":"pending","timestamp":1183916679954,"username":"Paul Lee"},{"order_no":"7421dddB-51cc-C469-1385-C6ebcef0e46D","price":6021,"status":"pending","timestamp":1183916679954,"username":"Paul Lee"}],"total":20}} 
[2019-10-29T17:05:12.428] [INFO] dhr - method:GET originalUrl:/dev-api-dhr/user/info?token=admin-token query:{"token":"admin-token"} time: 0ms

[2019-10-29T17:05:12.430] [INFO] dhr - method:GET originalUrl:/dev-api-dhr/user/info?token=admin-token query:{"token":"admin-token"} time: 0ms
status:200 body:{"code":20000,"data":{"avatar":"https://wpimg.wallstcn.com/f778738c-e4f8-4870-b634-56703b4acafe.gif","introduction":"I am a super administrator","name":"Super Admin","roles":["admin"]}} 
[2019-10-29T17:05:16.958] [INFO] dhr - method:GET originalUrl:/dev-api-dhr/routes query:{} time: 1ms

[2019-10-29T17:05:16.960] [INFO] dhr - method:GET originalUrl:/dev-api-dhr/routes query:{} time: 1ms
status:404 body:undefined 
[2019-10-29T17:05:16.963] [INFO] dhr - method:GET originalUrl:/dev-api-dhr/roles query:{} time: 1ms

[2019-10-29T17:05:16.965] [INFO] dhr - method:GET originalUrl:/dev-api-dhr/roles query:{} time: 1ms
status:404 body:undefined 
[2019-12-26T15:11:07.084] [INFO] dhr - method:GET originalUrl:/user query:{} time: 7ms

[2019-12-26T15:11:07.086] [INFO] dhr - method:GET originalUrl:/user query:{} time: 7ms
status:404 body:undefined 
[2019-12-26T15:21:46.250] [INFO] dhr - method:POST originalUrl:/user body:{"phone":"18503083260","password":"18503083260"} time: 1ms

[2019-12-26T15:21:46.253] [INFO] dhr - method:POST originalUrl:/user body:{"phone":"18503083260","password":"18503083260"} time: 1ms
status:404 body:undefined 
[2019-12-26T15:22:41.968] [INFO] dhr - method:POST originalUrl:/user body:{"phone":"18503083260","password":"18503083260"} time: 1ms

[2019-12-26T15:22:41.971] [INFO] dhr - method:POST originalUrl:/user body:{"phone":"18503083260","password":"18503083260"} time: 1ms
status:404 body:undefined 
[2019-12-26T15:22:53.381] [INFO] dhr - method:POST originalUrl:/user body:{"phone":"18503083260","password":"18503083260"} time: 0ms

[2019-12-26T15:22:53.382] [INFO] dhr - method:POST originalUrl:/user body:{"phone":"18503083260","password":"18503083260"} time: 0ms
status:404 body:undefined 
[2019-12-26T15:26:36.799] [INFO] dhr - method:POST originalUrl:/user body:{"phone":"18503083260","password":"18503083260"} time: 1ms

[2019-12-26T15:26:36.801] [INFO] dhr - method:POST originalUrl:/user body:{"phone":"18503083260","password":"18503083260"} time: 1ms
status:404 body:undefined 
[2019-12-26T15:27:19.128] [INFO] dhr - method:POST originalUrl:/dhr/user body:{"phone":"18503083260","password":"18503083260"} time: 4ms

[2019-12-26T15:27:19.129] [ERROR] dhr - method:POST originalUrl:/dhr/user body:{"phone":"18503083260","password":"18503083260"} time: 4ms
 err name:ReferenceError err message:Validator is not defined err stack: ReferenceError: Validator is not defined
    at exports.informationCreate (C:\Users\dhr\Desktop\admin\koa-server\controllers\user\user.js:106:13)
    at dispatch (C:\Users\dhr\Desktop\admin\koa-server\node_modules\_koa-compose@3.2.1@koa-compose\index.js:44:32)
    at next (C:\Users\dhr\Desktop\admin\koa-server\node_modules\_koa-compose@3.2.1@koa-compose\index.js:45:18)
    at C:\Users\dhr\Desktop\admin\koa-server\node_modules\_koa-router@7.4.0@koa-router\lib\router.js:346:16
    at dispatch (C:\Users\dhr\Desktop\admin\koa-server\node_modules\_koa-compose@3.2.1@koa-compose\index.js:44:32)
    at C:\Users\dhr\Desktop\admin\koa-server\node_modules\_koa-compose@3.2.1@koa-compose\index.js:36:12
    at dispatch (C:\Users\dhr\Desktop\admin\koa-server\node_modules\_koa-router@7.4.0@koa-router\lib\router.js:351:31)
    at dispatch (C:\Users\dhr\Desktop\admin\koa-server\node_modules\_koa-compose@4.1.0@koa-compose\index.js:42:32)
    at app.use (C:\Users\dhr\Desktop\admin\koa-server\app.js:37:15)
    at dispatch (C:\Users\dhr\Desktop\admin\koa-server\node_modules\_koa-compose@4.1.0@koa-compose\index.js:42:32)
    at cors (C:\Users\dhr\Desktop\admin\koa-server\node_modules\_koa2-cors@2.0.6@koa2-cors\dist\index.js:91:15)
    at dispatch (C:\Users\dhr\Desktop\admin\koa-server\node_modules\_koa-compose@4.1.0@koa-compose\index.js:42:32)
    at bodyParser (C:\Users\dhr\Desktop\admin\koa-server\node_modules\_koa-bodyparser@4.2.1@koa-bodyparser\index.js:86:11)
    at <anonymous>
    at process._tickCallback (internal/process/next_tick.js:189:7) 
[2019-12-26T15:27:19.130] [ERROR] dhr - method:POST originalUrl:/dhr/user body:{"phone":"18503083260","password":"18503083260"} time: 4ms
 err name:ReferenceError err message:Validator is not defined err stack: ReferenceError: Validator is not defined
    at exports.informationCreate (C:\Users\dhr\Desktop\admin\koa-server\controllers\user\user.js:106:13)
    at dispatch (C:\Users\dhr\Desktop\admin\koa-server\node_modules\_koa-compose@3.2.1@koa-compose\index.js:44:32)
    at next (C:\Users\dhr\Desktop\admin\koa-server\node_modules\_koa-compose@3.2.1@koa-compose\index.js:45:18)
    at C:\Users\dhr\Desktop\admin\koa-server\node_modules\_koa-router@7.4.0@koa-router\lib\router.js:346:16
    at dispatch (C:\Users\dhr\Desktop\admin\koa-server\node_modules\_koa-compose@3.2.1@koa-compose\index.js:44:32)
    at C:\Users\dhr\Desktop\admin\koa-server\node_modules\_koa-compose@3.2.1@koa-compose\index.js:36:12
    at dispatch (C:\Users\dhr\Desktop\admin\koa-server\node_modules\_koa-router@7.4.0@koa-router\lib\router.js:351:31)
    at dispatch (C:\Users\dhr\Desktop\admin\koa-server\node_modules\_koa-compose@4.1.0@koa-compose\index.js:42:32)
    at app.use (C:\Users\dhr\Desktop\admin\koa-server\app.js:37:15)
    at dispatch (C:\Users\dhr\Desktop\admin\koa-server\node_modules\_koa-compose@4.1.0@koa-compose\index.js:42:32)
    at cors (C:\Users\dhr\Desktop\admin\koa-server\node_modules\_koa2-cors@2.0.6@koa2-cors\dist\index.js:91:15)
    at dispatch (C:\Users\dhr\Desktop\admin\koa-server\node_modules\_koa-compose@4.1.0@koa-compose\index.js:42:32)
    at bodyParser (C:\Users\dhr\Desktop\admin\koa-server\node_modules\_koa-bodyparser@4.2.1@koa-bodyparser\index.js:86:11)
    at <anonymous>
    at process._tickCallback (internal/process/next_tick.js:189:7) 
[2019-12-26T15:28:34.816] [INFO] dhr - method:POST originalUrl:/dhr/user body:{"phone":"18503083260","password":"18503083260"} time: 5ms

[2019-12-26T15:28:34.820] [INFO] dhr - method:POST originalUrl:/dhr/user body:{"phone":"18503083260","password":"18503083260"} time: 5ms
status:200 body:{"ErrCode":1000,"ErrMsg":"密码格式错误"} 
[2019-12-26T15:29:11.786] [INFO] dhr - method:POST originalUrl:/dhr/user body:{"phone":"18503083260","password":18503083260} time: 0ms

[2019-12-26T15:29:11.787] [INFO] dhr - method:POST originalUrl:/dhr/user body:{"phone":"18503083260","password":18503083260} time: 0ms
status:200 body:{"ErrCode":1000,"ErrMsg":"密码必须为字符串"} 
[2019-12-26T15:29:18.343] [INFO] dhr - method:POST originalUrl:/dhr/user body:{"phone":"18503083260","password":"18503083260"} time: 1ms

[2019-12-26T15:29:18.345] [INFO] dhr - method:POST originalUrl:/dhr/user body:{"phone":"18503083260","password":"18503083260"} time: 1ms
status:200 body:{"ErrCode":1000,"ErrMsg":"密码格式错误"} 
[2019-12-26T15:29:32.340] [INFO] dhr - method:POST originalUrl:/dhr/user body:{"phone":"18503083260","password":"a18503083260"} time: 3ms

[2019-12-26T15:29:32.341] [ERROR] dhr - method:POST originalUrl:/dhr/user body:{"phone":"18503083260","password":"a18503083260"} time: 3ms
 err name:ReferenceError err message:md5 is not defined err stack: ReferenceError: md5 is not defined
    at exports.informationCreate (C:\Users\dhr\Desktop\admin\koa-server\controllers\user\user.js:150:5)
    at dispatch (C:\Users\dhr\Desktop\admin\koa-server\node_modules\_koa-compose@3.2.1@koa-compose\index.js:44:32)
    at next (C:\Users\dhr\Desktop\admin\koa-server\node_modules\_koa-compose@3.2.1@koa-compose\index.js:45:18)
    at C:\Users\dhr\Desktop\admin\koa-server\node_modules\_koa-router@7.4.0@koa-router\lib\router.js:346:16
    at dispatch (C:\Users\dhr\Desktop\admin\koa-server\node_modules\_koa-compose@3.2.1@koa-compose\index.js:44:32)
    at C:\Users\dhr\Desktop\admin\koa-server\node_modules\_koa-compose@3.2.1@koa-compose\index.js:36:12
    at dispatch (C:\Users\dhr\Desktop\admin\koa-server\node_modules\_koa-router@7.4.0@koa-router\lib\router.js:351:31)
    at dispatch (C:\Users\dhr\Desktop\admin\koa-server\node_modules\_koa-compose@4.1.0@koa-compose\index.js:42:32)
    at app.use (C:\Users\dhr\Desktop\admin\koa-server\app.js:37:15)
    at dispatch (C:\Users\dhr\Desktop\admin\koa-server\node_modules\_koa-compose@4.1.0@koa-compose\index.js:42:32)
    at cors (C:\Users\dhr\Desktop\admin\koa-server\node_modules\_koa2-cors@2.0.6@koa2-cors\dist\index.js:91:15)
    at dispatch (C:\Users\dhr\Desktop\admin\koa-server\node_modules\_koa-compose@4.1.0@koa-compose\index.js:42:32)
    at bodyParser (C:\Users\dhr\Desktop\admin\koa-server\node_modules\_koa-bodyparser@4.2.1@koa-bodyparser\index.js:86:11)
    at <anonymous>
    at process._tickCallback (internal/process/next_tick.js:189:7) 
[2019-12-26T15:29:32.346] [ERROR] dhr - method:POST originalUrl:/dhr/user body:{"phone":"18503083260","password":"a18503083260"} time: 3ms
 err name:ReferenceError err message:md5 is not defined err stack: ReferenceError: md5 is not defined
    at exports.informationCreate (C:\Users\dhr\Desktop\admin\koa-server\controllers\user\user.js:150:5)
    at dispatch (C:\Users\dhr\Desktop\admin\koa-server\node_modules\_koa-compose@3.2.1@koa-compose\index.js:44:32)
    at next (C:\Users\dhr\Desktop\admin\koa-server\node_modules\_koa-compose@3.2.1@koa-compose\index.js:45:18)
    at C:\Users\dhr\Desktop\admin\koa-server\node_modules\_koa-router@7.4.0@koa-router\lib\router.js:346:16
    at dispatch (C:\Users\dhr\Desktop\admin\koa-server\node_modules\_koa-compose@3.2.1@koa-compose\index.js:44:32)
    at C:\Users\dhr\Desktop\admin\koa-server\node_modules\_koa-compose@3.2.1@koa-compose\index.js:36:12
    at dispatch (C:\Users\dhr\Desktop\admin\koa-server\node_modules\_koa-router@7.4.0@koa-router\lib\router.js:351:31)
    at dispatch (C:\Users\dhr\Desktop\admin\koa-server\node_modules\_koa-compose@4.1.0@koa-compose\index.js:42:32)
    at app.use (C:\Users\dhr\Desktop\admin\koa-server\app.js:37:15)
    at dispatch (C:\Users\dhr\Desktop\admin\koa-server\node_modules\_koa-compose@4.1.0@koa-compose\index.js:42:32)
    at cors (C:\Users\dhr\Desktop\admin\koa-server\node_modules\_koa2-cors@2.0.6@koa2-cors\dist\index.js:91:15)
    at dispatch (C:\Users\dhr\Desktop\admin\koa-server\node_modules\_koa-compose@4.1.0@koa-compose\index.js:42:32)
    at bodyParser (C:\Users\dhr\Desktop\admin\koa-server\node_modules\_koa-bodyparser@4.2.1@koa-bodyparser\index.js:86:11)
    at <anonymous>
    at process._tickCallback (internal/process/next_tick.js:189:7) 
[2019-12-26T15:30:20.374] [INFO] dhr - method:POST originalUrl:/dhr/user body:{"phone":"18503083260","password":"a18503083260"} time: 18ms

[2019-12-26T15:30:20.376] [ERROR] dhr - method:POST originalUrl:/dhr/user body:{"phone":"18503083260","password":"a18503083260"} time: 18ms
 err name:SequelizeDatabaseError err message:关系 "Users" 的 "password" 字段不存在 err stack: SequelizeDatabaseError: 关系 "Users" 的 "password" 字段不存在
    at Query.formatError (C:\Users\dhr\Desktop\admin\koa-server\node_modules\_sequelize@4.44.3@sequelize\lib\dialects\postgres\query.js:363:16)
    at query.catch.err (C:\Users\dhr\Desktop\admin\koa-server\node_modules\_sequelize@4.44.3@sequelize\lib\dialects\postgres\query.js:86:18)
    at tryCatcher (C:\Users\dhr\Desktop\admin\koa-server\node_modules\_bluebird@3.7.1@bluebird\js\release\util.js:16:23)
    at Promise._settlePromiseFromHandler (C:\Users\dhr\Desktop\admin\koa-server\node_modules\_bluebird@3.7.1@bluebird\js\release\promise.js:547:31)
    at Promise._settlePromise (C:\Users\dhr\Desktop\admin\koa-server\node_modules\_bluebird@3.7.1@bluebird\js\release\promise.js:604:18)
    at Promise._settlePromise0 (C:\Users\dhr\Desktop\admin\koa-server\node_modules\_bluebird@3.7.1@bluebird\js\release\promise.js:649:10)
    at Promise._settlePromises (C:\Users\dhr\Desktop\admin\koa-server\node_modules\_bluebird@3.7.1@bluebird\js\release\promise.js:725:18)
    at _drainQueueStep (C:\Users\dhr\Desktop\admin\koa-server\node_modules\_bluebird@3.7.1@bluebird\js\release\async.js:93:12)
    at _drainQueue (C:\Users\dhr\Desktop\admin\koa-server\node_modules\_bluebird@3.7.1@bluebird\js\release\async.js:86:9)
    at Async._drainQueues (C:\Users\dhr\Desktop\admin\koa-server\node_modules\_bluebird@3.7.1@bluebird\js\release\async.js:102:5)
    at Immediate.Async.drainQueues (C:\Users\dhr\Desktop\admin\koa-server\node_modules\_bluebird@3.7.1@bluebird\js\release\async.js:15:14)
    at runCallback (timers.js:810:20)
    at tryOnImmediate (timers.js:768:5)
    at processImmediate [as _immediateCallback] (timers.js:745:5) 
[2019-12-26T15:30:20.377] [ERROR] dhr - method:POST originalUrl:/dhr/user body:{"phone":"18503083260","password":"a18503083260"} time: 18ms
 err name:SequelizeDatabaseError err message:关系 "Users" 的 "password" 字段不存在 err stack: SequelizeDatabaseError: 关系 "Users" 的 "password" 字段不存在
    at Query.formatError (C:\Users\dhr\Desktop\admin\koa-server\node_modules\_sequelize@4.44.3@sequelize\lib\dialects\postgres\query.js:363:16)
    at query.catch.err (C:\Users\dhr\Desktop\admin\koa-server\node_modules\_sequelize@4.44.3@sequelize\lib\dialects\postgres\query.js:86:18)
    at tryCatcher (C:\Users\dhr\Desktop\admin\koa-server\node_modules\_bluebird@3.7.1@bluebird\js\release\util.js:16:23)
    at Promise._settlePromiseFromHandler (C:\Users\dhr\Desktop\admin\koa-server\node_modules\_bluebird@3.7.1@bluebird\js\release\promise.js:547:31)
    at Promise._settlePromise (C:\Users\dhr\Desktop\admin\koa-server\node_modules\_bluebird@3.7.1@bluebird\js\release\promise.js:604:18)
    at Promise._settlePromise0 (C:\Users\dhr\Desktop\admin\koa-server\node_modules\_bluebird@3.7.1@bluebird\js\release\promise.js:649:10)
    at Promise._settlePromises (C:\Users\dhr\Desktop\admin\koa-server\node_modules\_bluebird@3.7.1@bluebird\js\release\promise.js:725:18)
    at _drainQueueStep (C:\Users\dhr\Desktop\admin\koa-server\node_modules\_bluebird@3.7.1@bluebird\js\release\async.js:93:12)
    at _drainQueue (C:\Users\dhr\Desktop\admin\koa-server\node_modules\_bluebird@3.7.1@bluebird\js\release\async.js:86:9)
    at Async._drainQueues (C:\Users\dhr\Desktop\admin\koa-server\node_modules\_bluebird@3.7.1@bluebird\js\release\async.js:102:5)
    at Immediate.Async.drainQueues (C:\Users\dhr\Desktop\admin\koa-server\node_modules\_bluebird@3.7.1@bluebird\js\release\async.js:15:14)
    at runCallback (timers.js:810:20)
    at tryOnImmediate (timers.js:768:5)
    at processImmediate [as _immediateCallback] (timers.js:745:5) 
[2019-12-26T15:30:21.975] [INFO] dhr - method:POST originalUrl:/dhr/user body:{"phone":"18503083260","password":"a18503083260"} time: 6ms

[2019-12-26T15:30:21.976] [ERROR] dhr - method:POST originalUrl:/dhr/user body:{"phone":"18503083260","password":"a18503083260"} time: 6ms
 err name:SequelizeDatabaseError err message:关系 "Users" 的 "password" 字段不存在 err stack: SequelizeDatabaseError: 关系 "Users" 的 "password" 字段不存在
    at Query.formatError (C:\Users\dhr\Desktop\admin\koa-server\node_modules\_sequelize@4.44.3@sequelize\lib\dialects\postgres\query.js:363:16)
    at query.catch.err (C:\Users\dhr\Desktop\admin\koa-server\node_modules\_sequelize@4.44.3@sequelize\lib\dialects\postgres\query.js:86:18)
    at tryCatcher (C:\Users\dhr\Desktop\admin\koa-server\node_modules\_bluebird@3.7.1@bluebird\js\release\util.js:16:23)
    at Promise._settlePromiseFromHandler (C:\Users\dhr\Desktop\admin\koa-server\node_modules\_bluebird@3.7.1@bluebird\js\release\promise.js:547:31)
    at Promise._settlePromise (C:\Users\dhr\Desktop\admin\koa-server\node_modules\_bluebird@3.7.1@bluebird\js\release\promise.js:604:18)
    at Promise._settlePromise0 (C:\Users\dhr\Desktop\admin\koa-server\node_modules\_bluebird@3.7.1@bluebird\js\release\promise.js:649:10)
    at Promise._settlePromises (C:\Users\dhr\Desktop\admin\koa-server\node_modules\_bluebird@3.7.1@bluebird\js\release\promise.js:725:18)
    at _drainQueueStep (C:\Users\dhr\Desktop\admin\koa-server\node_modules\_bluebird@3.7.1@bluebird\js\release\async.js:93:12)
    at _drainQueue (C:\Users\dhr\Desktop\admin\koa-server\node_modules\_bluebird@3.7.1@bluebird\js\release\async.js:86:9)
    at Async._drainQueues (C:\Users\dhr\Desktop\admin\koa-server\node_modules\_bluebird@3.7.1@bluebird\js\release\async.js:102:5)
    at Immediate.Async.drainQueues (C:\Users\dhr\Desktop\admin\koa-server\node_modules\_bluebird@3.7.1@bluebird\js\release\async.js:15:14)
    at runCallback (timers.js:810:20)
    at tryOnImmediate (timers.js:768:5)
    at processImmediate [as _immediateCallback] (timers.js:745:5) 
[2019-12-26T15:30:21.977] [ERROR] dhr - method:POST originalUrl:/dhr/user body:{"phone":"18503083260","password":"a18503083260"} time: 6ms
 err name:SequelizeDatabaseError err message:关系 "Users" 的 "password" 字段不存在 err stack: SequelizeDatabaseError: 关系 "Users" 的 "password" 字段不存在
    at Query.formatError (C:\Users\dhr\Desktop\admin\koa-server\node_modules\_sequelize@4.44.3@sequelize\lib\dialects\postgres\query.js:363:16)
    at query.catch.err (C:\Users\dhr\Desktop\admin\koa-server\node_modules\_sequelize@4.44.3@sequelize\lib\dialects\postgres\query.js:86:18)
    at tryCatcher (C:\Users\dhr\Desktop\admin\koa-server\node_modules\_bluebird@3.7.1@bluebird\js\release\util.js:16:23)
    at Promise._settlePromiseFromHandler (C:\Users\dhr\Desktop\admin\koa-server\node_modules\_bluebird@3.7.1@bluebird\js\release\promise.js:547:31)
    at Promise._settlePromise (C:\Users\dhr\Desktop\admin\koa-server\node_modules\_bluebird@3.7.1@bluebird\js\release\promise.js:604:18)
    at Promise._settlePromise0 (C:\Users\dhr\Desktop\admin\koa-server\node_modules\_bluebird@3.7.1@bluebird\js\release\promise.js:649:10)
    at Promise._settlePromises (C:\Users\dhr\Desktop\admin\koa-server\node_modules\_bluebird@3.7.1@bluebird\js\release\promise.js:725:18)
    at _drainQueueStep (C:\Users\dhr\Desktop\admin\koa-server\node_modules\_bluebird@3.7.1@bluebird\js\release\async.js:93:12)
    at _drainQueue (C:\Users\dhr\Desktop\admin\koa-server\node_modules\_bluebird@3.7.1@bluebird\js\release\async.js:86:9)
    at Async._drainQueues (C:\Users\dhr\Desktop\admin\koa-server\node_modules\_bluebird@3.7.1@bluebird\js\release\async.js:102:5)
    at Immediate.Async.drainQueues (C:\Users\dhr\Desktop\admin\koa-server\node_modules\_bluebird@3.7.1@bluebird\js\release\async.js:15:14)
    at runCallback (timers.js:810:20)
    at tryOnImmediate (timers.js:768:5)
    at processImmediate [as _immediateCallback] (timers.js:745:5) 
[2019-12-26T15:30:33.966] [INFO] dhr - method:POST originalUrl:/dhr/user body:{"phone":"18503083260","password":"a18503083260"} time: 5ms

[2019-12-26T15:30:33.966] [ERROR] dhr - method:POST originalUrl:/dhr/user body:{"phone":"18503083260","password":"a18503083260"} time: 5ms
 err name:SequelizeDatabaseError err message:关系 "Users" 的 "password" 字段不存在 err stack: SequelizeDatabaseError: 关系 "Users" 的 "password" 字段不存在
    at Query.formatError (C:\Users\dhr\Desktop\admin\koa-server\node_modules\_sequelize@4.44.3@sequelize\lib\dialects\postgres\query.js:363:16)
    at query.catch.err (C:\Users\dhr\Desktop\admin\koa-server\node_modules\_sequelize@4.44.3@sequelize\lib\dialects\postgres\query.js:86:18)
    at tryCatcher (C:\Users\dhr\Desktop\admin\koa-server\node_modules\_bluebird@3.7.1@bluebird\js\release\util.js:16:23)
    at Promise._settlePromiseFromHandler (C:\Users\dhr\Desktop\admin\koa-server\node_modules\_bluebird@3.7.1@bluebird\js\release\promise.js:547:31)
    at Promise._settlePromise (C:\Users\dhr\Desktop\admin\koa-server\node_modules\_bluebird@3.7.1@bluebird\js\release\promise.js:604:18)
    at Promise._settlePromise0 (C:\Users\dhr\Desktop\admin\koa-server\node_modules\_bluebird@3.7.1@bluebird\js\release\promise.js:649:10)
    at Promise._settlePromises (C:\Users\dhr\Desktop\admin\koa-server\node_modules\_bluebird@3.7.1@bluebird\js\release\promise.js:725:18)
    at _drainQueueStep (C:\Users\dhr\Desktop\admin\koa-server\node_modules\_bluebird@3.7.1@bluebird\js\release\async.js:93:12)
    at _drainQueue (C:\Users\dhr\Desktop\admin\koa-server\node_modules\_bluebird@3.7.1@bluebird\js\release\async.js:86:9)
    at Async._drainQueues (C:\Users\dhr\Desktop\admin\koa-server\node_modules\_bluebird@3.7.1@bluebird\js\release\async.js:102:5)
    at Immediate.Async.drainQueues (C:\Users\dhr\Desktop\admin\koa-server\node_modules\_bluebird@3.7.1@bluebird\js\release\async.js:15:14)
    at runCallback (timers.js:810:20)
    at tryOnImmediate (timers.js:768:5)
    at processImmediate [as _immediateCallback] (timers.js:745:5) 
[2019-12-26T15:30:33.971] [ERROR] dhr - method:POST originalUrl:/dhr/user body:{"phone":"18503083260","password":"a18503083260"} time: 5ms
 err name:SequelizeDatabaseError err message:关系 "Users" 的 "password" 字段不存在 err stack: SequelizeDatabaseError: 关系 "Users" 的 "password" 字段不存在
    at Query.formatError (C:\Users\dhr\Desktop\admin\koa-server\node_modules\_sequelize@4.44.3@sequelize\lib\dialects\postgres\query.js:363:16)
    at query.catch.err (C:\Users\dhr\Desktop\admin\koa-server\node_modules\_sequelize@4.44.3@sequelize\lib\dialects\postgres\query.js:86:18)
    at tryCatcher (C:\Users\dhr\Desktop\admin\koa-server\node_modules\_bluebird@3.7.1@bluebird\js\release\util.js:16:23)
    at Promise._settlePromiseFromHandler (C:\Users\dhr\Desktop\admin\koa-server\node_modules\_bluebird@3.7.1@bluebird\js\release\promise.js:547:31)
    at Promise._settlePromise (C:\Users\dhr\Desktop\admin\koa-server\node_modules\_bluebird@3.7.1@bluebird\js\release\promise.js:604:18)
    at Promise._settlePromise0 (C:\Users\dhr\Desktop\admin\koa-server\node_modules\_bluebird@3.7.1@bluebird\js\release\promise.js:649:10)
    at Promise._settlePromises (C:\Users\dhr\Desktop\admin\koa-server\node_modules\_bluebird@3.7.1@bluebird\js\release\promise.js:725:18)
    at _drainQueueStep (C:\Users\dhr\Desktop\admin\koa-server\node_modules\_bluebird@3.7.1@bluebird\js\release\async.js:93:12)
    at _drainQueue (C:\Users\dhr\Desktop\admin\koa-server\node_modules\_bluebird@3.7.1@bluebird\js\release\async.js:86:9)
    at Async._drainQueues (C:\Users\dhr\Desktop\admin\koa-server\node_modules\_bluebird@3.7.1@bluebird\js\release\async.js:102:5)
    at Immediate.Async.drainQueues (C:\Users\dhr\Desktop\admin\koa-server\node_modules\_bluebird@3.7.1@bluebird\js\release\async.js:15:14)
    at runCallback (timers.js:810:20)
    at tryOnImmediate (timers.js:768:5)
    at processImmediate [as _immediateCallback] (timers.js:745:5) 
[2019-12-26T15:31:24.955] [INFO] dhr - method:POST originalUrl:/dhr/user body:{"phone":"18503083260","password":"a18503083260"} time: 20ms

[2019-12-26T15:31:24.957] [INFO] dhr - method:POST originalUrl:/dhr/user body:{"phone":"18503083260","password":"a18503083260"} time: 20ms
status:200 body:{"ErrCode":"0000","Result":{"is_deleted":0,"id":1,"phone":"18503083260","password":"01677C74D75A9A80492D3AEB5EFE1BAC","mixin":9467,"updatedAt":"2019-12-26T07:31:24.942Z","createdAt":"2019-12-26T07:31:24.942Z","unique_id":null,"position":null,"name":null,"english_name":null,"department":null,"order":null,"sex":null,"email":null,"user_img":null},"msg":"创建成功"} 
[2019-12-26T15:31:28.696] [INFO] dhr - method:POST originalUrl:/dhr/user body:{"phone":"18503083260","password":"a18503083260"} time: 10ms

[2019-12-26T15:31:28.696] [ERROR] dhr - method:POST originalUrl:/dhr/user body:{"phone":"18503083260","password":"a18503083260"} time: 10ms
 err name:SequelizeUniqueConstraintError err message:重复键违反唯一约束"Users_phone_key" err stack: SequelizeUniqueConstraintError: 重复键违反唯一约束"Users_phone_key"
    at Query.formatError (C:\Users\dhr\Desktop\admin\koa-server\node_modules\_sequelize@4.44.3@sequelize\lib\dialects\postgres\query.js:328:16)
    at query.catch.err (C:\Users\dhr\Desktop\admin\koa-server\node_modules\_sequelize@4.44.3@sequelize\lib\dialects\postgres\query.js:86:18)
    at tryCatcher (C:\Users\dhr\Desktop\admin\koa-server\node_modules\_bluebird@3.7.1@bluebird\js\release\util.js:16:23)
    at Promise._settlePromiseFromHandler (C:\Users\dhr\Desktop\admin\koa-server\node_modules\_bluebird@3.7.1@bluebird\js\release\promise.js:547:31)
    at Promise._settlePromise (C:\Users\dhr\Desktop\admin\koa-server\node_modules\_bluebird@3.7.1@bluebird\js\release\promise.js:604:18)
    at Promise._settlePromise0 (C:\Users\dhr\Desktop\admin\koa-server\node_modules\_bluebird@3.7.1@bluebird\js\release\promise.js:649:10)
    at Promise._settlePromises (C:\Users\dhr\Desktop\admin\koa-server\node_modules\_bluebird@3.7.1@bluebird\js\release\promise.js:725:18)
    at _drainQueueStep (C:\Users\dhr\Desktop\admin\koa-server\node_modules\_bluebird@3.7.1@bluebird\js\release\async.js:93:12)
    at _drainQueue (C:\Users\dhr\Desktop\admin\koa-server\node_modules\_bluebird@3.7.1@bluebird\js\release\async.js:86:9)
    at Async._drainQueues (C:\Users\dhr\Desktop\admin\koa-server\node_modules\_bluebird@3.7.1@bluebird\js\release\async.js:102:5)
    at Immediate.Async.drainQueues (C:\Users\dhr\Desktop\admin\koa-server\node_modules\_bluebird@3.7.1@bluebird\js\release\async.js:15:14)
    at runCallback (timers.js:810:20)
    at tryOnImmediate (timers.js:768:5)
    at processImmediate [as _immediateCallback] (timers.js:745:5) 
[2019-12-26T15:31:28.698] [ERROR] dhr - method:POST originalUrl:/dhr/user body:{"phone":"18503083260","password":"a18503083260"} time: 10ms
 err name:SequelizeUniqueConstraintError err message:重复键违反唯一约束"Users_phone_key" err stack: SequelizeUniqueConstraintError: 重复键违反唯一约束"Users_phone_key"
    at Query.formatError (C:\Users\dhr\Desktop\admin\koa-server\node_modules\_sequelize@4.44.3@sequelize\lib\dialects\postgres\query.js:328:16)
    at query.catch.err (C:\Users\dhr\Desktop\admin\koa-server\node_modules\_sequelize@4.44.3@sequelize\lib\dialects\postgres\query.js:86:18)
    at tryCatcher (C:\Users\dhr\Desktop\admin\koa-server\node_modules\_bluebird@3.7.1@bluebird\js\release\util.js:16:23)
    at Promise._settlePromiseFromHandler (C:\Users\dhr\Desktop\admin\koa-server\node_modules\_bluebird@3.7.1@bluebird\js\release\promise.js:547:31)
    at Promise._settlePromise (C:\Users\dhr\Desktop\admin\koa-server\node_modules\_bluebird@3.7.1@bluebird\js\release\promise.js:604:18)
    at Promise._settlePromise0 (C:\Users\dhr\Desktop\admin\koa-server\node_modules\_bluebird@3.7.1@bluebird\js\release\promise.js:649:10)
    at Promise._settlePromises (C:\Users\dhr\Desktop\admin\koa-server\node_modules\_bluebird@3.7.1@bluebird\js\release\promise.js:725:18)
    at _drainQueueStep (C:\Users\dhr\Desktop\admin\koa-server\node_modules\_bluebird@3.7.1@bluebird\js\release\async.js:93:12)
    at _drainQueue (C:\Users\dhr\Desktop\admin\koa-server\node_modules\_bluebird@3.7.1@bluebird\js\release\async.js:86:9)
    at Async._drainQueues (C:\Users\dhr\Desktop\admin\koa-server\node_modules\_bluebird@3.7.1@bluebird\js\release\async.js:102:5)
    at Immediate.Async.drainQueues (C:\Users\dhr\Desktop\admin\koa-server\node_modules\_bluebird@3.7.1@bluebird\js\release\async.js:15:14)
    at runCallback (timers.js:810:20)
    at tryOnImmediate (timers.js:768:5)
    at processImmediate [as _immediateCallback] (timers.js:745:5) 
